<?xml version="1.0" encoding="UTF-8"?>
<testng-results ignored="0" total="1" passed="1" failed="0" skipped="0">
  <reporter-output>
  </reporter-output>
  <suite started-at="2021-01-14T22:55:48 ART" name="Default suite" finished-at="2021-01-14T22:55:59 ART" duration-ms="10817">
    <groups>
    </groups>
    <test started-at="2021-01-14T22:55:48 ART" name="Default test" finished-at="2021-01-14T22:55:59 ART" duration-ms="10817">
      <class name="com.proyecto_selenium_testng.IndexTest">
        <test-method is-config="true" signature="beforeClass()[pri:0, instance:com.proyecto_selenium_testng.IndexTest@20f5239f]" started-at="2021-01-14T22:55:48 ART" name="beforeClass" finished-at="2021-01-14T22:55:56 ART" duration-ms="8538" status="PASS">
          <reporter-output>
          </reporter-output>
        </test-method> <!-- beforeClass -->
        <test-method signature="searchBlouses()[pri:0, instance:com.proyecto_selenium_testng.IndexTest@20f5239f]" started-at="2021-01-14T22:55:56 ART" name="searchBlouses" finished-at="2021-01-14T22:55:59 ART" duration-ms="2085" status="PASS">
          <reporter-output>
          </reporter-output>
        </test-method> <!-- searchBlouses -->
        <test-method is-config="true" signature="afterClass()[pri:0, instance:com.proyecto_selenium_testng.IndexTest@20f5239f]" started-at="2021-01-14T22:55:59 ART" name="afterClass" finished-at="2021-01-14T22:55:59 ART" duration-ms="165" status="PASS">
          <reporter-output>
          </reporter-output>
        </test-method> <!-- afterClass -->
      </class> <!-- com.proyecto_selenium_testng.IndexTest -->
    </test> <!-- Default test -->
  </suite> <!-- Default suite -->
</testng-results>
